<?xml version="1.0" encoding="UTF-8"?>
<!-- Generated by org.testng.reporters.JUnitReportReporter -->
<testsuite skipped="0" hostname="LNLA010P3014" name="MvnPack.MvnTest" tests="1" failures="0" timestamp="2020-08-19T16:21:42 IST" time="18.598" errors="0">
  <testcase name="testLogin" time="18.598" classname="MvnPack.MvnTest"/>
</testsuite> <!-- MvnPack.MvnTest -->
